This is pdfTeX, Version 3.141592653-2.6-1.40.23 (TeX Live 2021/W32TeX) (preloaded format=pdflatex 2022.1.4)  11 JAN 2022 16:37
entering extended mode
 restricted \write18 enabled.
 %&-line parsing enabled.
**MRLM.tex
(./MRLM.tex
LaTeX2e <2021-11-15> patch level 1
L3 programming layer <2021-11-22> (c:/Users/pabli/AppData/Roaming/TinyTeX/texmf-dist/tex/latex/base/article.cls
Document Class: article 2021/10/04 v1.4n Standard LaTeX document class
(c:/Users/pabli/AppData/Roaming/TinyTeX/texmf-dist/tex/latex/base/size12.clo
File: size12.clo 2021/10/04 v1.4n Standard LaTeX file (size option)
)
\c@part=\count183
\c@section=\count184
\c@subsection=\count185
\c@subsubsection=\count186
\c@paragraph=\count187
\c@subparagraph=\count188
\c@figure=\count189
\c@table=\count190
\abovecaptionskip=\skip47
\belowcaptionskip=\skip48
\bibindent=\dimen138
) (c:/Users/pabli/AppData/Roaming/TinyTeX/texmf-dist/tex/latex/lm/lmodern.sty
Package: lmodern 2015/05/01 v1.6.1 Latin Modern Fonts
LaTeX Font Info:    Overwriting symbol font `operators' in version `normal'
(Font)                  OT1/cmr/m/n --> OT1/lmr/m/n on input line 22.
LaTeX Font Info:    Overwriting symbol font `letters' in version `normal'
(Font)                  OML/cmm/m/it --> OML/lmm/m/it on input line 23.
LaTeX Font Info:    Overwriting symbol font `symbols' in version `normal'
(Font)                  OMS/cmsy/m/n --> OMS/lmsy/m/n on input line 24.
LaTeX Font Info:    Overwriting symbol font `largesymbols' in version `normal'
(Font)                  OMX/cmex/m/n --> OMX/lmex/m/n on input line 25.
LaTeX Font Info:    Overwriting symbol font `operators' in version `bold'
(Font)                  OT1/cmr/bx/n --> OT1/lmr/bx/n on input line 26.
LaTeX Font Info:    Overwriting symbol font `letters' in version `bold'
(Font)                  OML/cmm/b/it --> OML/lmm/b/it on input line 27.
LaTeX Font Info:    Overwriting symbol font `symbols' in version `bold'
(Font)                  OMS/cmsy/b/n --> OMS/lmsy/b/n on input line 28.
LaTeX Font Info:    Overwriting symbol font `largesymbols' in version `bold'
(Font)                  OMX/cmex/m/n --> OMX/lmex/m/n on input line 29.
LaTeX Font Info:    Overwriting math alphabet `\mathbf' in version `normal'
(Font)                  OT1/cmr/bx/n --> OT1/lmr/bx/n on input line 31.
LaTeX Font Info:    Overwriting math alphabet `\mathsf' in version `normal'
(Font)                  OT1/cmss/m/n --> OT1/lmss/m/n on input line 32.
LaTeX Font Info:    Overwriting math alphabet `\mathit' in version `normal'
(Font)                  OT1/cmr/m/it --> OT1/lmr/m/it on input line 33.
LaTeX Font Info:    Overwriting math alphabet `\mathtt' in version `normal'
(Font)                  OT1/cmtt/m/n --> OT1/lmtt/m/n on input line 34.
LaTeX Font Info:    Overwriting math alphabet `\mathbf' in version `bold'
(Font)                  OT1/cmr/bx/n --> OT1/lmr/bx/n on input line 35.
LaTeX Font Info:    Overwriting math alphabet `\mathsf' in version `bold'
(Font)                  OT1/cmss/bx/n --> OT1/lmss/bx/n on input line 36.
LaTeX Font Info:    Overwriting math alphabet `\mathit' in version `bold'
(Font)                  OT1/cmr/bx/it --> OT1/lmr/bx/it on input line 37.
LaTeX Font Info:    Overwriting math alphabet `\mathtt' in version `bold'
(Font)                  OT1/cmtt/m/n --> OT1/lmtt/m/n on input line 38.
) (c:/Users/pabli/AppData/Roaming/TinyTeX/texmf-dist/tex/latex/amsfonts/amssymb.sty
Package: amssymb 2013/01/14 v3.01 AMS font symbols
(c:/Users/pabli/AppData/Roaming/TinyTeX/texmf-dist/tex/latex/amsfonts/amsfonts.sty
Package: amsfonts 2013/01/14 v3.01 Basic AMSFonts support
\@emptytoks=\toks16
\symAMSa=\mathgroup4
\symAMSb=\mathgroup5
LaTeX Font Info:    Redeclaring math symbol \hbar on input line 98.
LaTeX Font Info:    Overwriting math alphabet `\mathfrak' in version `bold'
(Font)                  U/euf/m/n --> U/euf/b/n on input line 106.
)) (c:/Users/pabli/AppData/Roaming/TinyTeX/texmf-dist/tex/latex/amsmath/amsmath.sty
Package: amsmath 2021/10/15 v2.17l AMS math features
\@mathmargin=\skip49
For additional information on amsmath, use the `?' option.
(c:/Users/pabli/AppData/Roaming/TinyTeX/texmf-dist/tex/latex/amsmath/amstext.sty
Package: amstext 2021/08/26 v2.01 AMS text
(c:/Users/pabli/AppData/Roaming/TinyTeX/texmf-dist/tex/latex/amsmath/amsgen.sty
File: amsgen.sty 1999/11/30 v2.0 generic functions
\@emptytoks=\toks17
\ex@=\dimen139
)) (c:/Users/pabli/AppData/Roaming/TinyTeX/texmf-dist/tex/latex/amsmath/amsbsy.sty
Package: amsbsy 1999/11/29 v1.2d Bold Symbols
\pmbraise@=\dimen140
) (c:/Users/pabli/AppData/Roaming/TinyTeX/texmf-dist/tex/latex/amsmath/amsopn.sty
Package: amsopn 2021/08/26 v2.02 operator names
)
\inf@bad=\count191
LaTeX Info: Redefining \frac on input line 234.
\uproot@=\count192
\leftroot@=\count193
LaTeX Info: Redefining \overline on input line 399.
\classnum@=\count194
\DOTSCASE@=\count195
LaTeX Info: Redefining \ldots on input line 496.
LaTeX Info: Redefining \dots on input line 499.
LaTeX Info: Redefining \cdots on input line 620.
\Mathstrutbox@=\box50
\strutbox@=\box51
\big@size=\dimen141
LaTeX Font Info:    Redeclaring font encoding OML on input line 743.
LaTeX Font Info:    Redeclaring font encoding OMS on input line 744.
\macc@depth=\count196
\c@MaxMatrixCols=\count197
\dotsspace@=\muskip16
\c@parentequation=\count198
\dspbrk@lvl=\count199
\tag@help=\toks18
\row@=\count266
\column@=\count267
\maxfields@=\count268
\andhelp@=\toks19
\eqnshift@=\dimen142
\alignsep@=\dimen143
\tagshift@=\dimen144
\tagwidth@=\dimen145
\totwidth@=\dimen146
\lineht@=\dimen147
\@envbody=\toks20
\multlinegap=\skip50
\multlinetaggap=\skip51
\mathdisplay@stack=\toks21
LaTeX Info: Redefining \[ on input line 2938.
LaTeX Info: Redefining \] on input line 2939.
) (c:/Users/pabli/AppData/Roaming/TinyTeX/texmf-dist/tex/generic/iftex/ifxetex.sty
Package: ifxetex 2019/10/25 v0.7 ifxetex legacy package. Use iftex instead.
(c:/Users/pabli/AppData/Roaming/TinyTeX/texmf-dist/tex/generic/iftex/iftex.sty
Package: iftex 2020/03/06 v1.0d TeX engine tests
)) (c:/Users/pabli/AppData/Roaming/TinyTeX/texmf-dist/tex/generic/iftex/ifluatex.sty
Package: ifluatex 2019/10/25 v1.5 ifluatex legacy package. Use iftex instead.
) (c:/Users/pabli/AppData/Roaming/TinyTeX/texmf-dist/tex/latex/base/fontenc.sty
Package: fontenc 2021/04/29 v2.0v Standard LaTeX package
LaTeX Font Info:    Trying to load font information for T1+lmr on input line 112.
(c:/Users/pabli/AppData/Roaming/TinyTeX/texmf-dist/tex/latex/lm/t1lmr.fd
File: t1lmr.fd 2015/05/01 v1.6.1 Font defs for Latin Modern
)) (c:/Users/pabli/AppData/Roaming/TinyTeX/texmf-dist/tex/latex/base/inputenc.sty
Package: inputenc 2021/02/14 v1.3d Input encoding file
\inpenc@prehook=\toks22
\inpenc@posthook=\toks23
) (c:/Users/pabli/AppData/Roaming/TinyTeX/texmf-dist/tex/latex/base/textcomp.sty
Package: textcomp 2020/02/02 v2.0n Standard LaTeX package
) (c:/Users/pabli/AppData/Roaming/TinyTeX/texmf-dist/tex/latex/xcolor/xcolor.sty
Package: xcolor 2021/10/31 v2.13 LaTeX color extensions (UK)
(c:/Users/pabli/AppData/Roaming/TinyTeX/texmf-dist/tex/latex/graphics-cfg/color.cfg
File: color.cfg 2016/01/02 v1.6 sample color configuration
)
Package xcolor Info: Driver file: pdftex.def on input line 227.
(c:/Users/pabli/AppData/Roaming/TinyTeX/texmf-dist/tex/latex/graphics-def/pdftex.def
File: pdftex.def 2020/10/05 v1.2a Graphics/color driver for pdftex
)
Package xcolor Info: Model `cmy' substituted by `cmy0' on input line 1352.
Package xcolor Info: Model `hsb' substituted by `rgb' on input line 1356.
Package xcolor Info: Model `RGB' extended on input line 1368.
Package xcolor Info: Model `HTML' substituted by `rgb' on input line 1370.
Package xcolor Info: Model `Hsb' substituted by `hsb' on input line 1371.
Package xcolor Info: Model `tHsb' substituted by `hsb' on input line 1372.
Package xcolor Info: Model `HSB' substituted by `hsb' on input line 1373.
Package xcolor Info: Model `Gray' substituted by `gray' on input line 1374.
Package xcolor Info: Model `wave' substituted by `hsb' on input line 1375.
) (c:/Users/pabli/AppData/Roaming/TinyTeX/texmf-dist/tex/latex/hyperref/hyperref.sty
Package: hyperref 2021-06-07 v7.00m Hypertext links for LaTeX
(c:/Users/pabli/AppData/Roaming/TinyTeX/texmf-dist/tex/generic/ltxcmds/ltxcmds.sty
Package: ltxcmds 2020-05-10 v1.25 LaTeX kernel commands for general use (HO)
) (c:/Users/pabli/AppData/Roaming/TinyTeX/texmf-dist/tex/generic/pdftexcmds/pdftexcmds.sty
Package: pdftexcmds 2020-06-27 v0.33 Utility functions of pdfTeX for LuaTeX (HO)
(c:/Users/pabli/AppData/Roaming/TinyTeX/texmf-dist/tex/generic/infwarerr/infwarerr.sty
Package: infwarerr 2019/12/03 v1.5 Providing info/warning/error messages (HO)
)
Package pdftexcmds Info: \pdf@primitive is available.
Package pdftexcmds Info: \pdf@ifprimitive is available.
Package pdftexcmds Info: \pdfdraftmode found.
) (c:/Users/pabli/AppData/Roaming/TinyTeX/texmf-dist/tex/latex/graphics/keyval.sty
Package: keyval 2014/10/28 v1.15 key=value parser (DPC)
\KV@toks@=\toks24
) (c:/Users/pabli/AppData/Roaming/TinyTeX/texmf-dist/tex/generic/kvsetkeys/kvsetkeys.sty
Package: kvsetkeys 2019/12/15 v1.18 Key value parser (HO)
) (c:/Users/pabli/AppData/Roaming/TinyTeX/texmf-dist/tex/generic/kvdefinekeys/kvdefinekeys.sty
Package: kvdefinekeys 2019-12-19 v1.6 Define keys (HO)
) (c:/Users/pabli/AppData/Roaming/TinyTeX/texmf-dist/tex/generic/pdfescape/pdfescape.sty
Package: pdfescape 2019/12/09 v1.15 Implements pdfTeX's escape features (HO)
) (c:/Users/pabli/AppData/Roaming/TinyTeX/texmf-dist/tex/latex/hycolor/hycolor.sty
Package: hycolor 2020-01-27 v1.10 Color options for hyperref/bookmark (HO)
) (c:/Users/pabli/AppData/Roaming/TinyTeX/texmf-dist/tex/latex/letltxmacro/letltxmacro.sty
Package: letltxmacro 2019/12/03 v1.6 Let assignment for LaTeX macros (HO)
) (c:/Users/pabli/AppData/Roaming/TinyTeX/texmf-dist/tex/latex/auxhook/auxhook.sty
Package: auxhook 2019-12-17 v1.6 Hooks for auxiliary files (HO)
) (c:/Users/pabli/AppData/Roaming/TinyTeX/texmf-dist/tex/latex/kvoptions/kvoptions.sty
Package: kvoptions 2020-10-07 v3.14 Key value format for package options (HO)
)
\@linkdim=\dimen148
\Hy@linkcounter=\count269
\Hy@pagecounter=\count270
(c:/Users/pabli/AppData/Roaming/TinyTeX/texmf-dist/tex/latex/hyperref/pd1enc.def
File: pd1enc.def 2021-06-07 v7.00m Hyperref: PDFDocEncoding definition (HO)
Now handling font encoding PD1 ...
... no UTF-8 mapping file for font encoding PD1
) (c:/Users/pabli/AppData/Roaming/TinyTeX/texmf-dist/tex/latex/hyperref/hyperref-langpatches.def
File: hyperref-langpatches.def 2021-06-07 v7.00m Hyperref: patches for babel languages
) (c:/Users/pabli/AppData/Roaming/TinyTeX/texmf-dist/tex/generic/intcalc/intcalc.sty
Package: intcalc 2019/12/15 v1.3 Expandable calculations with integers (HO)
) (c:/Users/pabli/AppData/Roaming/TinyTeX/texmf-dist/tex/generic/etexcmds/etexcmds.sty
Package: etexcmds 2019/12/15 v1.7 Avoid name clashes with e-TeX commands (HO)
)
\Hy@SavedSpaceFactor=\count271
(c:/Users/pabli/AppData/Roaming/TinyTeX/texmf-dist/tex/latex/hyperref/puenc.def
File: puenc.def 2021-06-07 v7.00m Hyperref: PDF Unicode definition (HO)
Now handling font encoding PU ...
... no UTF-8 mapping file for font encoding PU
)
Package hyperref Info: Option `unicode' set `true' on input line 4073.
Package hyperref Info: Hyper figures OFF on input line 4192.
Package hyperref Info: Link nesting OFF on input line 4197.
Package hyperref Info: Hyper index ON on input line 4200.
Package hyperref Info: Plain pages OFF on input line 4207.
Package hyperref Info: Backreferencing OFF on input line 4212.
Package hyperref Info: Implicit mode ON; LaTeX internals redefined.
Package hyperref Info: Bookmarks ON on input line 4445.
\c@Hy@tempcnt=\count272
(c:/Users/pabli/AppData/Roaming/TinyTeX/texmf-dist/tex/latex/url/url.sty
\Urlmuskip=\muskip17
Package: url 2013/09/16  ver 3.4  Verb mode for urls, etc.
)
LaTeX Info: Redefining \url on input line 4804.
\XeTeXLinkMargin=\dimen149
(c:/Users/pabli/AppData/Roaming/TinyTeX/texmf-dist/tex/generic/bitset/bitset.sty
Package: bitset 2019/12/09 v1.3 Handle bit-vector datatype (HO)
(c:/Users/pabli/AppData/Roaming/TinyTeX/texmf-dist/tex/generic/bigintcalc/bigintcalc.sty
Package: bigintcalc 2019/12/15 v1.5 Expandable calculations on big integers (HO)
))
\Fld@menulength=\count273
\Field@Width=\dimen150
\Fld@charsize=\dimen151
Package hyperref Info: Hyper figures OFF on input line 6076.
Package hyperref Info: Link nesting OFF on input line 6081.
Package hyperref Info: Hyper index ON on input line 6084.
Package hyperref Info: backreferencing OFF on input line 6091.
Package hyperref Info: Link coloring OFF on input line 6096.
Package hyperref Info: Link coloring with OCG OFF on input line 6101.
Package hyperref Info: PDF/A mode OFF on input line 6106.
LaTeX Info: Redefining \ref on input line 6146.
LaTeX Info: Redefining \pageref on input line 6150.
(c:/Users/pabli/AppData/Roaming/TinyTeX/texmf-dist/tex/latex/base/atbegshi-ltx.sty
Package: atbegshi-ltx 2021/01/10 v1.0c Emulation of the original atbegshi
package with kernel methods
)
\Hy@abspage=\count274
\c@Item=\count275
\c@Hfootnote=\count276
)
Package hyperref Info: Driver (autodetected): hpdftex.
(c:/Users/pabli/AppData/Roaming/TinyTeX/texmf-dist/tex/latex/hyperref/hpdftex.def
File: hpdftex.def 2021-06-07 v7.00m Hyperref driver for pdfTeX
(c:/Users/pabli/AppData/Roaming/TinyTeX/texmf-dist/tex/latex/base/atveryend-ltx.sty
Package: atveryend-ltx 2020/08/19 v1.0a Emulation of the original atveryend package
with kernel methods
)
\Fld@listcount=\count277
\c@bookmark@seq@number=\count278
(c:/Users/pabli/AppData/Roaming/TinyTeX/texmf-dist/tex/latex/rerunfilecheck/rerunfilecheck.sty
Package: rerunfilecheck 2019/12/05 v1.9 Rerun checks for auxiliary files (HO)
(c:/Users/pabli/AppData/Roaming/TinyTeX/texmf-dist/tex/generic/uniquecounter/uniquecounter.sty
Package: uniquecounter 2019/12/15 v1.4 Provide unlimited unique counter (HO)
)
Package uniquecounter Info: New unique counter `rerunfilecheck' on input line 286.
)
\Hy@SectionHShift=\skip52
) (c:/Users/pabli/AppData/Roaming/TinyTeX/texmf-dist/tex/latex/geometry/geometry.sty
Package: geometry 2020/01/02 v5.9 Page Geometry
(c:/Users/pabli/AppData/Roaming/TinyTeX/texmf-dist/tex/generic/iftex/ifvtex.sty
Package: ifvtex 2019/10/25 v1.7 ifvtex legacy package. Use iftex instead.
)
\Gm@cnth=\count279
\Gm@cntv=\count280
\c@Gm@tempcnt=\count281
\Gm@bindingoffset=\dimen152
\Gm@wd@mp=\dimen153
\Gm@odd@mp=\dimen154
\Gm@even@mp=\dimen155
\Gm@layoutwidth=\dimen156
\Gm@layoutheight=\dimen157
\Gm@layouthoffset=\dimen158
\Gm@layoutvoffset=\dimen159
\Gm@dimlist=\toks25
) (c:/Users/pabli/AppData/Roaming/TinyTeX/texmf-dist/tex/latex/tools/longtable.sty
Package: longtable 2021-09-01 v4.17 Multi-page Table package (DPC)
\LTleft=\skip53
\LTright=\skip54
\LTpre=\skip55
\LTpost=\skip56
\LTchunksize=\count282
\LTcapwidth=\dimen160
\LT@head=\box52
\LT@firsthead=\box53
\LT@foot=\box54
\LT@lastfoot=\box55
\LT@gbox=\box56
\LT@cols=\count283
\LT@rows=\count284
\c@LT@tables=\count285
\c@LT@chunks=\count286
\LT@p@ftn=\toks26
) (c:/Users/pabli/AppData/Roaming/TinyTeX/texmf-dist/tex/latex/booktabs/booktabs.sty
Package: booktabs 2020/01/12 v1.61803398 Publication quality tables
\heavyrulewidth=\dimen161
\lightrulewidth=\dimen162
\cmidrulewidth=\dimen163
\belowrulesep=\dimen164
\belowbottomsep=\dimen165
\aboverulesep=\dimen166
\abovetopsep=\dimen167
\cmidrulesep=\dimen168
\cmidrulekern=\dimen169
\defaultaddspace=\dimen170
\@cmidla=\count287
\@cmidlb=\count288
\@aboverulesep=\dimen171
\@belowrulesep=\dimen172
\@thisruleclass=\count289
\@lastruleclass=\count290
\@thisrulewidth=\dimen173
) (c:/Users/pabli/AppData/Roaming/TinyTeX/texmf-dist/tex/latex/etoolbox/etoolbox.sty
Package: etoolbox 2020/10/05 v2.5k e-TeX tools for LaTeX (JAW)
\etb@tempcnta=\count291
) (c:/Users/pabli/AppData/Roaming/TinyTeX/texmf-dist/tex/latex/mdwtools/footnote.sty
Package: footnote 1997/01/28 1.13 Save footnotes around boxes
\fn@notes=\box57
\fn@width=\dimen174
) (c:/Users/pabli/AppData/Roaming/TinyTeX/texmf-dist/tex/latex/graphics/graphicx.sty
Package: graphicx 2021/09/16 v1.2d Enhanced LaTeX Graphics (DPC,SPQR)
(c:/Users/pabli/AppData/Roaming/TinyTeX/texmf-dist/tex/latex/graphics/graphics.sty
Package: graphics 2021/03/04 v1.4d Standard LaTeX Graphics (DPC,SPQR)
(c:/Users/pabli/AppData/Roaming/TinyTeX/texmf-dist/tex/latex/graphics/trig.sty
Package: trig 2021/08/11 v1.11 sin cos tan (DPC)
) (c:/Users/pabli/AppData/Roaming/TinyTeX/texmf-dist/tex/latex/graphics-cfg/graphics.cfg
File: graphics.cfg 2016/06/04 v1.11 sample graphics configuration
)
Package graphics Info: Driver file: pdftex.def on input line 107.
)
\Gin@req@height=\dimen175
\Gin@req@width=\dimen176
) (c:/Users/pabli/AppData/Roaming/TinyTeX/texmf-dist/tex/latex/grffile/grffile.sty
Package: grffile 2019/11/11 v2.1 Extended file name support for graphics (legacy)
Package grffile Info: This package is an empty stub for compatibility on input line 40.
) (c:/Users/pabli/AppData/Roaming/TinyTeX/texmf-dist/tex/generic/babel/babel.sty
Package: babel 2021/12/30 3.69 The Babel package
\babel@savecnt=\count292
\U@D=\dimen177
\l@unhyphenated=\language3
(c:/Users/pabli/AppData/Roaming/TinyTeX/texmf-dist/tex/generic/babel/txtbabel.def)
\bbl@readstream=\read2
\bbl@dirlevel=\count293
(c:/Users/pabli/AppData/Roaming/TinyTeX/texmf-dist/tex/generic/babel-spanish/spanish.ldf
Language: spanish.ldf 2021/05/27 v5.0q Spanish support from the babel system

Package babel Warning: No hyphenation patterns were preloaded for
(babel)                the language 'Spanish' into the format.
(babel)                Please, configure your TeX system to add them and
(babel)                rebuild the format. Now I will use the patterns
(babel)                preloaded for \language=0 instead on input line 51.

Package babel Info: Hyphen rules for 'spanish' set to \l@english
(babel)             (\language0). Reported on input line 52.
\es@quottoks=\toks27
\es@quotdepth=\count294
Package babel Info: Making " an active character on input line 570.
Package babel Info: Making . an active character on input line 675.
Package babel Info: Making < an active character on input line 722.
Package babel Info: Making > an active character on input line 722.
)) (c:/Users/pabli/AppData/Roaming/TinyTeX/texmf-dist/tex/latex/tools/array.sty
Package: array 2021/10/04 v2.5f Tabular extension package (FMi)
\col@sep=\dimen178
\ar@mcellbox=\box58
\extrarowheight=\dimen179
\NC@list=\toks28
\extratabsurround=\skip57
\backup@length=\skip58
\ar@cellbox=\box59
) (c:/Users/pabli/AppData/Roaming/TinyTeX/texmf-dist/tex/latex/multirow/multirow.sty
Package: multirow 2021/03/15 v2.8 Span multiple rows of a table
\multirow@colwidth=\skip59
\multirow@cntb=\count295
\multirow@dima=\skip60
\bigstrutjot=\dimen180
) (c:/Users/pabli/AppData/Roaming/TinyTeX/texmf-dist/tex/latex/wrapfig/wrapfig.sty
\wrapoverhang=\dimen181
\WF@size=\dimen182
\c@WF@wrappedlines=\count296
\WF@box=\box60
\WF@everypar=\toks29
Package: wrapfig 2003/01/31  v 3.6
) (c:/Users/pabli/AppData/Roaming/TinyTeX/texmf-dist/tex/latex/float/float.sty
Package: float 2001/11/08 v1.3d Float enhancements (AL)
\c@float@type=\count297
\float@exts=\toks30
\float@box=\box61
\@float@everytoks=\toks31
\@floatcapt=\box62
) (c:/Users/pabli/AppData/Roaming/TinyTeX/texmf-dist/tex/latex/colortbl/colortbl.sty
Package: colortbl 2020/01/04 v1.0e Color table columns (DPC)
\everycr=\toks32
\minrowclearance=\skip61
) (c:/Users/pabli/AppData/Roaming/TinyTeX/texmf-dist/tex/latex/pdflscape/pdflscape.sty
Package: pdflscape 2019/12/05 v0.12 Display of landscape pages in PDF (HO)
(c:/Users/pabli/AppData/Roaming/TinyTeX/texmf-dist/tex/latex/graphics/lscape.sty
Package: lscape 2020/05/28 v3.02 Landscape Pages (DPC)
)
Package pdflscape Info: Auto-detected driver: pdftex on input line 81.
) (c:/Users/pabli/AppData/Roaming/TinyTeX/texmf-dist/tex/latex/tabu/tabu.sty
Package: tabu 2019/01/11 v2.9 - flexible LaTeX tabulars (FC+tabu-fixed)
(c:/Users/pabli/AppData/Roaming/TinyTeX/texmf-dist/tex/latex/varwidth/varwidth.sty
Package: varwidth 2009/03/30 ver 0.92;  Variable-width minipages
\@vwid@box=\box63
\sift@deathcycles=\count298
\@vwid@loff=\dimen183
\@vwid@roff=\dimen184
)
\c@taburow=\count299
\tabu@nbcols=\count300
\tabu@cnt=\count301
\tabu@Xcol=\count302
\tabu@alloc=\count303
\tabu@nested=\count304
\tabu@target=\dimen185
\tabu@spreadtarget=\dimen186
\tabu@naturalX=\dimen187
\tabucolX=\dimen188
\tabu@Xsum=\dimen189
\extrarowdepth=\dimen190
\abovetabulinesep=\dimen191
\belowtabulinesep=\dimen192
\tabustrutrule=\dimen193
\tabu@thebody=\toks33
\tabu@footnotes=\toks34
\tabu@box=\box64
\tabu@arstrutbox=\box65
\tabu@hleads=\box66
\tabu@vleads=\box67
\tabu@cellskip=\skip62
) (c:/Users/pabli/AppData/Roaming/TinyTeX/texmf-dist/tex/latex/threeparttable/threeparttable.sty
Package: threeparttable 2003/06/13  v 3.0
\@tempboxb=\box68
) (c:/Users/pabli/AppData/Roaming/TinyTeX/texmf-dist/tex/latex/threeparttablex/threeparttablex.sty
Package: threeparttablex 2013/07/23 v0.3 by daleif
(c:/Users/pabli/AppData/Roaming/TinyTeX/texmf-dist/tex/latex/environ/environ.sty
Package: environ 2014/05/04 v0.3 A new way to define environments
(c:/Users/pabli/AppData/Roaming/TinyTeX/texmf-dist/tex/latex/trimspaces/trimspaces.sty
Package: trimspaces 2009/09/17 v1.1 Trim spaces around a token list
))
\TPTL@width=\skip63
) (c:/Users/pabli/AppData/Roaming/TinyTeX/texmf-dist/tex/generic/ulem/ulem.sty
\UL@box=\box69
\UL@hyphenbox=\box70
\UL@skip=\skip64
\UL@hook=\toks35
\UL@height=\dimen194
\UL@pe=\count305
\UL@pixel=\dimen195
\ULC@box=\box71
Package: ulem 2019/11/18
\ULdepth=\dimen196
) (c:/Users/pabli/AppData/Roaming/TinyTeX/texmf-dist/tex/latex/makecell/makecell.sty
Package: makecell 2009/08/03 V0.1e Managing of Tab Column Heads and Cells
\rotheadsize=\dimen197
\c@nlinenum=\count306
\TeXr@lab=\toks36
) (c:/Users/pabli/AppData/Roaming/TinyTeX/texmf-dist/tex/latex/l3backend/l3backend-pdftex.def
File: l3backend-pdftex.def 2021-12-14 L3 backend support: PDF output (pdfTeX)
\l__color_backend_stack_int=\count307
\l__pdf_internal_box=\box72
) (./MRLM.aux
LaTeX Info: Redefining \. on input line 25.
LaTeX Info: Redefining \% on input line 25.
)
\openout1 = `MRLM.aux'.

LaTeX Font Info:    Checking defaults for OML/cmm/m/it on input line 94.
LaTeX Font Info:    ... okay on input line 94.
LaTeX Font Info:    Checking defaults for OMS/cmsy/m/n on input line 94.
LaTeX Font Info:    ... okay on input line 94.
LaTeX Font Info:    Checking defaults for OT1/cmr/m/n on input line 94.
LaTeX Font Info:    ... okay on input line 94.
LaTeX Font Info:    Checking defaults for T1/cmr/m/n on input line 94.
LaTeX Font Info:    ... okay on input line 94.
LaTeX Font Info:    Checking defaults for TS1/cmr/m/n on input line 94.
LaTeX Font Info:    ... okay on input line 94.
LaTeX Font Info:    Checking defaults for OMX/cmex/m/n on input line 94.
LaTeX Font Info:    ... okay on input line 94.
LaTeX Font Info:    Checking defaults for U/cmr/m/n on input line 94.
LaTeX Font Info:    ... okay on input line 94.
LaTeX Font Info:    Checking defaults for PD1/pdf/m/n on input line 94.
LaTeX Font Info:    ... okay on input line 94.
LaTeX Font Info:    Checking defaults for PU/pdf/m/n on input line 94.
LaTeX Font Info:    ... okay on input line 94.
(c:/Users/pabli/AppData/Roaming/TinyTeX/texmf-dist/tex/latex/epstopdf-pkg/epstopdf-base.sty
Package: epstopdf-base 2020-01-24 v2.11 Base part for package epstopdf
Package epstopdf-base Info: Redefining graphics rule for `.eps' on input line 485.
(c:/Users/pabli/AppData/Roaming/TinyTeX/texmf-dist/tex/latex/latexconfig/epstopdf-sys.cfg
File: epstopdf-sys.cfg 2010/07/13 v1.3 Configuration of (r)epstopdf for TeX Live
))
Package hyperref Info: Link coloring OFF on input line 94.
(c:/Users/pabli/AppData/Roaming/TinyTeX/texmf-dist/tex/latex/hyperref/nameref.sty
Package: nameref 2021-04-02 v2.47 Cross-referencing by name of section
(c:/Users/pabli/AppData/Roaming/TinyTeX/texmf-dist/tex/latex/refcount/refcount.sty
Package: refcount 2019/12/15 v3.6 Data extraction from label references (HO)
) (c:/Users/pabli/AppData/Roaming/TinyTeX/texmf-dist/tex/generic/gettitlestring/gettitlestring.sty
Package: gettitlestring 2019/12/15 v1.6 Cleanup title references (HO)
)
\c@section@level=\count308
)
LaTeX Info: Redefining \ref on input line 94.
LaTeX Info: Redefining \pageref on input line 94.
LaTeX Info: Redefining \nameref on input line 94.
(./MRLM.out) (./MRLM.out)
\@outlinefile=\write3
\openout3 = `MRLM.out'.

*geometry* driver: auto-detecting
*geometry* detected driver: pdftex
*geometry* verbose mode - [ preamble ] result:
* driver: pdftex
* paper: letterpaper
* layout: <same size as paper>
* layoutoffset:(h,v)=(0.0pt,0.0pt)
* modes: 
* h-part:(L,W,R)=(72.26999pt, 469.75502pt, 72.26999pt)
* v-part:(T,H,B)=(72.26999pt, 650.43001pt, 72.26999pt)
* \paperwidth=614.295pt
* \paperheight=794.96999pt
* \textwidth=469.75502pt
* \textheight=650.43001pt
* \oddsidemargin=0.0pt
* \evensidemargin=0.0pt
* \topmargin=-37.0pt
* \headheight=12.0pt
* \headsep=25.0pt
* \topskip=12.0pt
* \footskip=30.0pt
* \marginparwidth=44.0pt
* \marginparsep=10.0pt
* \columnsep=10.0pt
* \skip\footins=10.8pt plus 4.0pt minus 2.0pt
* \hoffset=0.0pt
* \voffset=0.0pt
* \mag=1000
* \@twocolumnfalse
* \@twosidefalse
* \@mparswitchfalse
* \@reversemarginfalse
* (1in=72.27pt=25.4mm, 1cm=28.453pt)

LaTeX Info: Redefining \. on input line 94.
LaTeX Info: Redefining \% on input line 94.
(./titlepage.tex
<images/logounal.png, id=136, 513.92pt x 281.05pt>
File: images/logounal.png Graphic file (type png)
<use images/logounal.png>
Package pdftex.def Info: images/logounal.png  used on input line 44.
(pdftex.def)             Requested size: 187.89682pt x 102.75607pt.
[1

{c:/Users/pabli/AppData/Roaming/TinyTeX/texmf-var/fonts/map/pdftex/updmap/pdftex.map} <./images/logounal.png>]) (./MRLM.toc
LaTeX Info: Redefining \. on input line 1.
LaTeX Info: Redefining \% on input line 1.
LaTeX Font Info:    Trying to load font information for OT1+lmr on input line 3.
(c:/Users/pabli/AppData/Roaming/TinyTeX/texmf-dist/tex/latex/lm/ot1lmr.fd
File: ot1lmr.fd 2015/05/01 v1.6.1 Font defs for Latin Modern
)
LaTeX Font Info:    Trying to load font information for OML+lmm on input line 3.
(c:/Users/pabli/AppData/Roaming/TinyTeX/texmf-dist/tex/latex/lm/omllmm.fd
File: omllmm.fd 2015/05/01 v1.6.1 Font defs for Latin Modern
)
LaTeX Font Info:    Trying to load font information for OMS+lmsy on input line 3.
(c:/Users/pabli/AppData/Roaming/TinyTeX/texmf-dist/tex/latex/lm/omslmsy.fd
File: omslmsy.fd 2015/05/01 v1.6.1 Font defs for Latin Modern
)
LaTeX Font Info:    Trying to load font information for OMX+lmex on input line 3.
(c:/Users/pabli/AppData/Roaming/TinyTeX/texmf-dist/tex/latex/lm/omxlmex.fd
File: omxlmex.fd 2015/05/01 v1.6.1 Font defs for Latin Modern
)
LaTeX Font Info:    External font `lmex10' loaded for size
(Font)              <12> on input line 3.
LaTeX Font Info:    External font `lmex10' loaded for size
(Font)              <8> on input line 3.
LaTeX Font Info:    External font `lmex10' loaded for size
(Font)              <6> on input line 3.
LaTeX Font Info:    Trying to load font information for U+msa on input line 3.
(c:/Users/pabli/AppData/Roaming/TinyTeX/texmf-dist/tex/latex/amsfonts/umsa.fd
File: umsa.fd 2013/01/14 v3.01 AMS symbols A
)
LaTeX Font Info:    Trying to load font information for U+msb on input line 3.
(c:/Users/pabli/AppData/Roaming/TinyTeX/texmf-dist/tex/latex/amsfonts/umsb.fd
File: umsb.fd 2013/01/14 v3.01 AMS symbols B
)pdfTeX warning (ext4): destination with the same identifier (name{page.1}) has been already used, duplicate ignored
<to be read again> 
                   \relax 
l.26 ...mberline {12.2}VIF's}{19}{subsection.12.2}
                                                  % [1])
\tf@toc=\write4
\openout4 = `MRLM.toc'.

(./MRLM.lof
LaTeX Info: Redefining \. on input line 1.
LaTeX Info: Redefining \% on input line 1.
)
\tf@lof=\write5
\openout5 = `MRLM.lof'.

(./MRLM.lot
LaTeX Info: Redefining \. on input line 1.
LaTeX Info: Redefining \% on input line 1.
)
\tf@lot=\write6
\openout6 = `MRLM.lot'.

[2]
<MRLM_files/figure-latex/unnamed-chunk-2-1.pdf, id=205, 469.755pt x 325.215pt>
File: MRLM_files/figure-latex/unnamed-chunk-2-1.pdf Graphic file (type pdf)
<use MRLM_files/figure-latex/unnamed-chunk-2-1.pdf>
Package pdftex.def Info: MRLM_files/figure-latex/unnamed-chunk-2-1.pdf  used on input line 182.
(pdftex.def)             Requested size: 469.75386pt x 325.2142pt.

Overfull \hbox (35.56477pt too wide) in paragraph at lines 182--185
[][]
 []

pdfTeX warning (ext4): destination with the same identifier (name{page.1}) has been already used, duplicate ignored
<to be read again> 
                   \relax 
l.186 \hspace{1cm}
                   [1]pdfTeX warning (ext4): destination with the same identifier (name{page.2}) has been already used, duplicate ignored
<to be read again> 
                   \relax 
l.210 -
       En este caso, existe una relación lineal positiva moderada entre [2 <./MRLM_files/figure-latex/unnamed-chunk-2-1.pdf>]
Underfull \hbox (badness 3668) in paragraph at lines 226--226
[]\T1/lmr/bx/n/17.28 Modelo Ajus-ta-do de Re-gre-sion Lin-eal Mul-ti-
 []

LaTeX Font Info:    Trying to load font information for T1+lmtt on input line 228.
(c:/Users/pabli/AppData/Roaming/TinyTeX/texmf-dist/tex/latex/lm/t1lmtt.fd
File: t1lmtt.fd 2015/05/01 v1.6.1 Font defs for Latin Modern
) [3]
Overfull \hbox (63.76524pt too wide) in paragraph at lines 286--295
 [][] 
 []

LaTeX Font Info:    External font `lmex10' loaded for size
(Font)              <14.4> on input line 314.
LaTeX Font Info:    External font `lmex10' loaded for size
(Font)              <10> on input line 314.
LaTeX Font Info:    External font `lmex10' loaded for size
(Font)              <7> on input line 314.

Package hyperref Warning: Token not allowed in a PDF string (Unicode):
(hyperref)                removing `math shift' on input line 314.


Package hyperref Warning: Token not allowed in a PDF string (Unicode):
(hyperref)                removing `superscript' on input line 314.


Package hyperref Warning: Token not allowed in a PDF string (Unicode):
(hyperref)                removing `math shift' on input line 314.

[4pdfTeX warning (ext4): destination with the same identifier (name{table.4}) has been already used, duplicate ignored
<argument> ...shipout:D \box_use:N \l_shipout_box 
                                                  \__shipout_drop_firstpage_...
l.316 ...T}} = 1 - \frac{\text{SSE}}{\text{SST}}\]
                                                  pdfTeX warning (ext4): destination with the same identifier (name{table.3}) has been already used, duplicate ignored
<argument> ...shipout:D \box_use:N \l_shipout_box 
                                                  \__shipout_drop_firstpage_...
l.316 ...T}} = 1 - \frac{\text{SSE}}{\text{SST}}\]
                                                  ]
Overfull \hbox (24.24522pt too wide) in paragraph at lines 341--341
[]\T1/lmtt/m/n/12 ## Coeficientes estimados, sus I.C, Vifs y Coeficientes estimados estandarizados[] 
 []

[5pdfTeX warning (ext4): destination with the same identifier (name{table.5}) has been already used, duplicate ignored
<argument> ...shipout:D \box_use:N \l_shipout_box 
                                                  \__shipout_drop_firstpage_...
l.391 \subsection
                 {Pruebas de hipotesis}] [6pdfTeX warning (ext4): destination with the same identifier (name{table.6}) has been already used, duplicate ignored
<argument> ...shipout:D \box_use:N \l_shipout_box 
                                                  \__shipout_drop_firstpage_...
l.454 \begin{tabular}
                     {l|r|r|r|r|r}]
<MRLM_files/figure-latex/unnamed-chunk-11-1.pdf, id=246, 469.755pt x 325.215pt>
File: MRLM_files/figure-latex/unnamed-chunk-11-1.pdf Graphic file (type pdf)
<use MRLM_files/figure-latex/unnamed-chunk-11-1.pdf>
Package pdftex.def Info: MRLM_files/figure-latex/unnamed-chunk-11-1.pdf  used on input line 502.
(pdftex.def)             Requested size: 469.75386pt x 325.2142pt.

Overfull \hbox (35.56477pt too wide) in paragraph at lines 502--503
[][] 
 []

[7]
<MRLM_files/figure-latex/unnamed-chunk-12-1.pdf, id=251, 469.755pt x 325.215pt>
File: MRLM_files/figure-latex/unnamed-chunk-12-1.pdf Graphic file (type pdf)
<use MRLM_files/figure-latex/unnamed-chunk-12-1.pdf>
Package pdftex.def Info: MRLM_files/figure-latex/unnamed-chunk-12-1.pdf  used on input line 512.
(pdftex.def)             Requested size: 469.75386pt x 325.2142pt.

Overfull \hbox (35.56477pt too wide) in paragraph at lines 512--513
[][] 
 []

[8 <./MRLM_files/figure-latex/unnamed-chunk-11-1.pdf>]
Overfull \hbox (36.59523pt too wide) in paragraph at lines 722--722
[]\T1/lmtt/m/n/12 ##        dfb.1_  dfb.GRE.  dfb.TOEF   dfb.SOP   dfb.LOR  dfb.CGPA     dffit cov.r[] 
 []


Overfull \hbox (36.58122pt too wide) in paragraph at lines 722--722
[]\T1/lmtt/m/n/12 ## 1    0.015973 -0.005271 -0.000885  1.31e-03  0.002340 -8.90e-03 -0.032882 1.108[] 
 []


Overfull \hbox (36.5392pt too wide) in paragraph at lines 722--722
[]\T1/lmtt/m/n/12 ## 2    0.010661 -0.024639  0.034326 -4.49e-03 -0.022518 -1.79e-03 -0.056504 1.105[] 
 []


Overfull \hbox (36.5392pt too wide) in paragraph at lines 722--722
[]\T1/lmtt/m/n/12 ## 3   -0.024402  0.089374 -0.049594 -2.27e-02  0.092619 -1.18e-01  0.213646 1.005[] 
 []


Overfull \hbox (36.50418pt too wide) in paragraph at lines 722--722
[]\T1/lmtt/m/n/12 ## 4   -0.146856  0.086964 -0.039096  3.90e-02 -0.271542  1.05e-01  0.319520 0.966[] 
 []


Overfull \hbox (36.56021pt too wide) in paragraph at lines 722--722
[]\T1/lmtt/m/n/12 ## 5   -0.021116  0.031828 -0.043631 -1.08e-01  0.005196  3.90e-02  0.150002 1.081[] 
 []


Overfull \hbox (36.5462pt too wide) in paragraph at lines 722--722
[]\T1/lmtt/m/n/12 ## 6   -0.141724  0.061166 -0.037386  9.77e-02 -0.252847  1.41e-01  0.313284 1.060[] 
 []


Overfull \hbox (36.56721pt too wide) in paragraph at lines 722--722
[]\T1/lmtt/m/n/12 ## 7   -0.000457  0.008477  0.050364 -5.48e-02  0.107665 -1.05e-01  0.157786 1.087[] 
 []


Overfull \hbox (36.5532pt too wide) in paragraph at lines 722--722
[]\T1/lmtt/m/n/12 ## 8    0.114484 -0.026751 -0.010652 -4.42e-02  0.206779 -1.07e-01  0.260972 1.052[] 
 []


Overfull \hbox (36.56721pt too wide) in paragraph at lines 722--722
[]\T1/lmtt/m/n/12 ## 9    0.030175 -0.047175  0.017687 -5.13e-02 -0.085702  7.61e-02  0.149108 1.145[] 
 []


Overfull \hbox (36.5532pt too wide) in paragraph at lines 722--722
[]\T1/lmtt/m/n/12 ## 10   0.331213 -0.336547  0.264130 -7.77e-02  0.323458 -1.01e-01 -0.519954 0.629[] 
 []

[9 <./MRLM_files/figure-latex/unnamed-chunk-12-1.pdf>]
Overfull \hbox (36.56021pt too wide) in paragraph at lines 722--722
[]\T1/lmtt/m/n/12 ## 11   0.274899 -0.435231  0.332579 -3.85e-02 -0.156837  2.08e-01 -0.582385 0.759[] 
 []


Overfull \hbox (36.58823pt too wide) in paragraph at lines 722--722
[]\T1/lmtt/m/n/12 ## 12  -0.008881  0.010344 -0.008548 -3.61e-03  0.022573 -3.28e-03  0.044150 1.088[] 
 []


Overfull \hbox (36.56021pt too wide) in paragraph at lines 722--722
[]\T1/lmtt/m/n/12 ## 13   0.020921 -0.015918  0.011308  1.51e-02 -0.044372 -2.35e-03 -0.096725 1.067[] 
 []


Overfull \hbox (36.5532pt too wide) in paragraph at lines 722--722
[]\T1/lmtt/m/n/12 ## 14   0.066481 -0.074405  0.087449  3.07e-02  0.015934 -4.92e-02  0.114265 1.151[] 
 []


Overfull \hbox (36.5532pt too wide) in paragraph at lines 722--722
[]\T1/lmtt/m/n/12 ## 15  -0.020685  0.026567 -0.041123  5.93e-02 -0.128505  4.48e-02  0.151365 1.097[] 
 []


Overfull \hbox (36.5392pt too wide) in paragraph at lines 722--722
[]\T1/lmtt/m/n/12 ## 16   0.025571 -0.034946  0.043923 -4.62e-02  0.097394 -3.15e-02 -0.128213 1.062[] 
 []


Overfull \hbox (36.5532pt too wide) in paragraph at lines 722--722
[]\T1/lmtt/m/n/12 ## 17   0.004144 -0.004799  0.013229 -1.55e-02  0.024002 -1.68e-02 -0.035468 1.095[] 
 []


Overfull \hbox (36.5532pt too wide) in paragraph at lines 722--722
[]\T1/lmtt/m/n/12 ## 18  -0.019400  0.032642 -0.014545  3.59e-02 -0.011729 -3.35e-02  0.057146 1.119[] 
 []


Overfull \hbox (36.5462pt too wide) in paragraph at lines 722--722
[]\T1/lmtt/m/n/12 ## 19  -0.004595  0.032455 -0.017848 -3.99e-02  0.089071 -5.98e-02 -0.139737 1.053[] 
 []


Overfull \hbox (36.5392pt too wide) in paragraph at lines 722--722
[]\T1/lmtt/m/n/12 ## 20   0.064999 -0.057361 -0.007345  3.40e-03 -0.017908  6.56e-02  0.103144 1.112[] 
 []


Overfull \hbox (36.5532pt too wide) in paragraph at lines 722--722
[]\T1/lmtt/m/n/12 ## 21  -0.013257 -0.014360  0.095139  2.85e-02 -0.145174 -5.83e-02  0.260675 1.019[] 
 []


Overfull \hbox (36.5532pt too wide) in paragraph at lines 722--722
[]\T1/lmtt/m/n/12 ## 22  -0.077504  0.023602  0.061565 -1.24e-02 -0.115764 -1.39e-02  0.179340 1.143[] 
 []


Overfull \hbox (36.5532pt too wide) in paragraph at lines 722--722
[]\T1/lmtt/m/n/12 ## 23   0.023989 -0.039710  0.031889  1.38e-02  0.040631  5.31e-03  0.092445 1.112[] 
 []


Overfull \hbox (36.56021pt too wide) in paragraph at lines 722--722
[]\T1/lmtt/m/n/12 ## 24  -0.006252 -0.008693  0.012712  8.08e-03 -0.003257  1.02e-02  0.042630 1.116[] 
 []


Overfull \hbox (36.57422pt too wide) in paragraph at lines 722--722
[]\T1/lmtt/m/n/12 ## 25  -0.124820  0.008542  0.016489 -5.15e-02 -0.163031  1.71e-01  0.282553 1.103[] 
 []


Overfull \hbox (36.56021pt too wide) in paragraph at lines 722--722
[]\T1/lmtt/m/n/12 ## 26   0.011731 -0.004207 -0.004059  8.36e-04  0.000665 -3.30e-04 -0.021018 1.117[] 
 []


Overfull \hbox (36.56021pt too wide) in paragraph at lines 722--722
[]\T1/lmtt/m/n/12 ## 27  -0.011184  0.014573 -0.017092  3.03e-02 -0.018890  5.01e-03  0.043659 1.093[] 
 []


Overfull \hbox (36.5462pt too wide) in paragraph at lines 722--722
[]\T1/lmtt/m/n/12 ## 28   0.015479 -0.011365  0.005564 -1.95e-02  0.008679  3.29e-04  0.030514 1.140[] 
 []


Overfull \hbox (36.5322pt too wide) in paragraph at lines 722--722
[]\T1/lmtt/m/n/12 ## 29   0.089603  0.028826 -0.115292 -2.49e-02 -0.022679 -3.50e-03  0.295331 1.043[] 
 []


Overfull \hbox (36.5462pt too wide) in paragraph at lines 722--722
[]\T1/lmtt/m/n/12 ## 30  -0.113045  0.181667 -0.099887 -1.10e-01 -0.047718 -9.79e-02  0.340113 1.063[] 
 []


Overfull \hbox (36.52519pt too wide) in paragraph at lines 722--722
[]\T1/lmtt/m/n/12 ## 31   0.198657 -0.079822 -0.166260 -1.05e-02  0.006879  1.78e-01  0.375503 0.961[] 
 []


Overfull \hbox (36.5462pt too wide) in paragraph at lines 722--722
[]\T1/lmtt/m/n/12 ## 32  -0.051491  0.085395 -0.076129  3.43e-02  0.005311 -2.82e-02  0.100998 1.219[] 
 []


Overfull \hbox (36.58122pt too wide) in paragraph at lines 722--722
[]\T1/lmtt/m/n/12 ## 33  -0.013715  0.003431  0.007064 -2.34e-02  0.008446  2.70e-03  0.033081 1.155[] 
 []


Overfull \hbox (36.56021pt too wide) in paragraph at lines 722--722
[]\T1/lmtt/m/n/12 ## 34   0.009161 -0.008044  0.007108  4.24e-04  0.004706 -4.90e-03 -0.011655 1.171[] 
 []


Overfull \hbox (36.5462pt too wide) in paragraph at lines 722--722
[]\T1/lmtt/m/n/12 ## 35  -0.011816  0.006516 -0.031057 -2.48e-02  0.014565  4.89e-02  0.076932 1.150[] 
 []


Overfull \hbox (36.5532pt too wide) in paragraph at lines 722--722
[]\T1/lmtt/m/n/12 ## 36   0.061927 -0.049089  0.000340  4.18e-02  0.074195  1.17e-02  0.140805 1.111[] 
 []


Overfull \hbox (36.5322pt too wide) in paragraph at lines 722--722
[]\T1/lmtt/m/n/12 ## 37   0.088374 -0.089525  0.058479 -1.43e-03  0.046613 -6.19e-04  0.099095 1.232[] 
 []


Overfull \hbox (36.51118pt too wide) in paragraph at lines 722--722
[]\T1/lmtt/m/n/12 ## 38   0.289491 -0.429309  0.423333 -4.91e-01  0.031771  9.97e-02  0.694648 1.066[] 
 []


Overfull \hbox (36.56021pt too wide) in paragraph at lines 722--722
[]\T1/lmtt/m/n/12 ## 39   0.052161 -0.066482  0.122254  5.63e-02 -0.113521 -7.53e-02  0.251884 1.107[] 
 []


Overfull \hbox (36.56021pt too wide) in paragraph at lines 722--722
[]\T1/lmtt/m/n/12 ## 40  -0.255487  0.232718 -0.326200 -1.17e-01 -0.215678  3.35e-01 -0.477976 1.079[] 
 []


Overfull \hbox (36.5392pt too wide) in paragraph at lines 722--722
[]\T1/lmtt/m/n/12 ## 41  -0.277706  0.346912 -0.434158 -4.85e-03 -0.106308  2.07e-01 -0.497296 0.988[] 
 []


Overfull \hbox (36.56021pt too wide) in paragraph at lines 722--722
[]\T1/lmtt/m/n/12 ## 42   0.084137 -0.082768  0.058895  7.84e-02  0.108972 -4.59e-02 -0.218716 1.004[] 
 []


Overfull \hbox (36.56021pt too wide) in paragraph at lines 722--722
[]\T1/lmtt/m/n/12 ## 43   0.013603  0.026640 -0.011987  6.10e-02  0.123882 -1.05e-01 -0.180700 1.112[] 
 []


Overfull \hbox (36.56721pt too wide) in paragraph at lines 722--722
[]\T1/lmtt/m/n/12 ## 44  -0.018278  0.003128  0.021003  1.30e-02 -0.003311 -1.48e-02  0.051596 1.099[] 
 []


Overfull \hbox (36.56721pt too wide) in paragraph at lines 722--722
[]\T1/lmtt/m/n/12 ## 45  -0.014287 -0.021290 -0.016245  3.08e-02 -0.048117  1.02e-01  0.167914 1.044[] 
 []


Overfull \hbox (36.5532pt too wide) in paragraph at lines 722--722
[]\T1/lmtt/m/n/12 ## 46   0.007463  0.004356 -0.059844  1.46e-01 -0.041006  5.42e-02  0.213723 1.031[] 
 []


Overfull \hbox (36.5322pt too wide) in paragraph at lines 722--722
[]\T1/lmtt/m/n/12 ## 47  -0.002662  0.008571 -0.008722  1.63e-02 -0.031293 -9.99e-04 -0.046295 1.112[] 
 []


Overfull \hbox (36.56021pt too wide) in paragraph at lines 722--722
[]\T1/lmtt/m/n/12 ## 48   0.068405 -0.029890  0.004641 -5.31e-03  0.049188 -3.87e-02 -0.108445 1.114[] 
 []


Overfull \hbox (36.5532pt too wide) in paragraph at lines 722--722
[]\T1/lmtt/m/n/12 ## 49   0.029021 -0.027530  0.021785 -3.67e-02  0.075908 -1.40e-02  0.086286 1.134[] 
 []


Overfull \hbox (36.5392pt too wide) in paragraph at lines 722--722
[]\T1/lmtt/m/n/12 ## 50  -0.037297  0.035597  0.020621 -4.45e-02  0.057919 -6.79e-02  0.115376 1.103[] 
 []


Overfull \hbox (36.56021pt too wide) in paragraph at lines 722--722
[]\T1/lmtt/m/n/12 ## 51   0.026081  0.140218 -0.290453 -1.84e-01  0.285638  3.97e-02  0.516553 1.074[] 
 []


Overfull \hbox (36.5532pt too wide) in paragraph at lines 722--722
[]\T1/lmtt/m/n/12 ## 52   0.000729 -0.005882  0.007035  1.86e-02 -0.012222  1.43e-03 -0.026790 1.169[] 
 []


Overfull \hbox (36.5392pt too wide) in paragraph at lines 722--722
[]\T1/lmtt/m/n/12 ## 53  -0.160106  0.142206  0.082089  9.95e-02 -0.034187 -2.55e-01  0.327963 1.215[] 
 []


Overfull \hbox (36.5322pt too wide) in paragraph at lines 722--722
[]\T1/lmtt/m/n/12 ## 54  -0.093182  0.076644  0.053409  1.11e-01 -0.101269 -1.33e-01  0.237963 1.109[] 
 []


Overfull \hbox (36.5532pt too wide) in paragraph at lines 722--722
[]\T1/lmtt/m/n/12 ## 55  -0.018067  0.018214  0.043723 -1.96e-02  0.043928 -8.83e-02  0.109819 1.115[] 
 []

[10]
Overfull \hbox (36.5392pt too wide) in paragraph at lines 722--722
[]\T1/lmtt/m/n/12 ## 56  -0.087691  0.138606 -0.077528  3.09e-02  0.000688 -1.02e-01  0.177323 1.129[] 
 []


Overfull \hbox (36.56721pt too wide) in paragraph at lines 722--722
[]\T1/lmtt/m/n/12 ## 57  -0.118490  0.211814 -0.059031 -1.04e-01  0.122542 -2.61e-01  0.407980 1.054[] 
 []


Overfull \hbox (36.5532pt too wide) in paragraph at lines 722--722
[]\T1/lmtt/m/n/12 ## 58   0.014636 -0.005705 -0.002282  2.59e-02 -0.015036 -3.71e-03  0.037494 1.159[] 
 []


Overfull \hbox (36.56721pt too wide) in paragraph at lines 722--722
[]\T1/lmtt/m/n/12 ## 59  -0.022431 -0.005830 -0.021343 -4.07e-02 -0.005099  8.32e-02 -0.107246 1.183[] 
 []


Overfull \hbox (36.56721pt too wide) in paragraph at lines 722--722
[]\T1/lmtt/m/n/12 ## 60   0.047541  0.003836  0.048042  2.08e-01  0.240416 -2.42e-01 -0.420743 0.980[] 
 []


Overfull \hbox (36.5532pt too wide) in paragraph at lines 722--722
[]\T1/lmtt/m/n/12 ## 61  -0.012294 -0.055765  0.124552 -2.84e-03  0.018216 -4.29e-02 -0.182073 1.026[] 
 []


Overfull \hbox (36.49718pt too wide) in paragraph at lines 722--722
[]\T1/lmtt/m/n/12 ## 62  -0.081901 -0.008995  0.126685 -1.66e-01  0.069436 -4.59e-02 -0.272327 0.990[] 
 []


Overfull \hbox (36.5532pt too wide) in paragraph at lines 722--722
[]\T1/lmtt/m/n/12 ## 63  -0.057222  0.062205 -0.042738  2.05e-02 -0.012725 -1.06e-02 -0.073869 1.109[] 
 []


Overfull \hbox (36.50418pt too wide) in paragraph at lines 722--722
[]\T1/lmtt/m/n/12 ## 64  -0.012667  0.005902  0.017642 -9.38e-02  0.090919 -2.98e-02 -0.167268 1.006[] 
 []


Overfull \hbox (36.5532pt too wide) in paragraph at lines 722--722
[]\T1/lmtt/m/n/12 ## 65   0.175776 -0.087560 -0.048097  2.40e-01  0.000367 -1.04e-02 -0.407973 0.718[] 
 []


Overfull \hbox (36.5322pt too wide) in paragraph at lines 722--722
[]\T1/lmtt/m/n/12 ## 66   0.129238 -0.019008 -0.046649  1.14e-01  0.100351 -1.12e-01 -0.353366 0.728[] 
 []


Overfull \hbox (36.5322pt too wide) in paragraph at lines 722--722
[]\T1/lmtt/m/n/12 ## 67   0.155795  0.000649 -0.086083  1.89e-01  0.195107 -1.67e-01 -0.403104 0.931[] 
 []


Overfull \hbox (36.5532pt too wide) in paragraph at lines 722--722
[]\T1/lmtt/m/n/12 ## 68  -0.039722  0.037537  0.014270  2.48e-02 -0.001391 -6.70e-02 -0.157145 0.960[] 
 []


Overfull \hbox (36.51118pt too wide) in paragraph at lines 722--722
[]\T1/lmtt/m/n/12 ## 69  -0.064875  0.096831  0.005195  9.56e-02 -0.019210 -1.69e-01 -0.224471 1.049[] 
 []


Overfull \hbox (36.5392pt too wide) in paragraph at lines 722--722
[]\T1/lmtt/m/n/12 ## 70   0.014708  0.012221 -0.030933 -2.56e-02  0.009103 -2.35e-03 -0.093566 1.069[] 
 []


Overfull \hbox (36.56021pt too wide) in paragraph at lines 722--722
[]\T1/lmtt/m/n/12 ## 71   0.000075 -0.000283  0.000299  8.24e-05  0.000287  6.69e-05  0.000828 1.122[] 
 []


Overfull \hbox (36.5462pt too wide) in paragraph at lines 722--722
[]\T1/lmtt/m/n/12 ## 72  -0.020166  0.023640 -0.032527  1.13e-02 -0.001191  1.77e-02  0.046797 1.167[] 
 []


Overfull \hbox (36.51819pt too wide) in paragraph at lines 722--722
[]\T1/lmtt/m/n/12 ## 73   0.094859 -0.092866 -0.001896  4.41e-02  0.088543  7.29e-02  0.222919 1.086[] 
 []


Overfull \hbox (36.5462pt too wide) in paragraph at lines 722--722
[]\T1/lmtt/m/n/12 ## 74   0.137421 -0.136186  0.004666  6.64e-02  0.017041  1.22e-01  0.252313 1.020[] 
 []


Overfull \hbox (36.56721pt too wide) in paragraph at lines 722--722
[]\T1/lmtt/m/n/12 ## 75  -0.021091  0.018772 -0.003615  2.49e-02 -0.034008 -8.94e-03 -0.045077 1.188[] 
 []


Overfull \hbox (36.52519pt too wide) in paragraph at lines 722--722
[]\T1/lmtt/m/n/12 ## 76   0.028506  0.001118 -0.061666  1.17e-01 -0.066943  4.16e-02 -0.151314 1.180[] 
 []


Overfull \hbox (36.5462pt too wide) in paragraph at lines 722--722
[]\T1/lmtt/m/n/12 ## 77  -0.025741  0.014689  0.001279 -1.50e-02 -0.019196  5.39e-03  0.041335 1.104[] 
 []


Overfull \hbox (36.5532pt too wide) in paragraph at lines 722--722
[]\T1/lmtt/m/n/12 ## 78   0.127688 -0.081097 -0.172463  3.78e-02 -0.310500  3.46e-01  0.509345 0.944[] 
 []


Overfull \hbox (36.56021pt too wide) in paragraph at lines 722--722
[]\T1/lmtt/m/n/12 ## 79   0.030019 -0.000635 -0.033715  2.78e-02 -0.030049  1.39e-02  0.082230 1.127[] 
 []


Overfull \hbox (36.56021pt too wide) in paragraph at lines 722--722
[]\T1/lmtt/m/n/12 ## 80   0.111463 -0.020275 -0.100074 -1.26e-01 -0.016872  7.94e-02  0.320202 1.060[] 
 []


Overfull \hbox (36.5532pt too wide) in paragraph at lines 722--722
[]\T1/lmtt/m/n/12 ## 81  -0.026938  0.032904 -0.054656  1.47e-01 -0.053523  1.93e-02 -0.188881 1.055[] 
 []


Overfull \hbox (36.56021pt too wide) in paragraph at lines 722--722
[]\T1/lmtt/m/n/12 ## 82   0.008637 -0.003825 -0.005465 -4.43e-03 -0.006818  7.62e-03 -0.023089 1.130[] 
 []


Overfull \hbox (36.5462pt too wide) in paragraph at lines 722--722
[]\T1/lmtt/m/n/12 ## 83   0.098485 -0.084766 -0.026844  1.24e-01  0.054883  7.97e-02  0.281096 1.005[] 
 []


Overfull \hbox (36.52519pt too wide) in paragraph at lines 722--722
[]\T1/lmtt/m/n/12 ## 84   0.119641 -0.198210  0.158992 -9.28e-02  0.100847  7.59e-02  0.269832 1.063[] 
 []


Overfull \hbox (36.56721pt too wide) in paragraph at lines 722--722
[]\T1/lmtt/m/n/12 ## 85  -0.042854  0.040413 -0.028288  8.92e-03 -0.006532  3.63e-03  0.055436 1.132[] 
 []


Overfull \hbox (36.5532pt too wide) in paragraph at lines 722--722
[]\T1/lmtt/m/n/12 ## 86  -0.060438  0.124849 -0.180635  1.27e-01 -0.070342  4.58e-02  0.218606 1.113[] 
 []


Overfull \hbox (36.56721pt too wide) in paragraph at lines 722--722
[]\T1/lmtt/m/n/12 ## 87   0.016725  0.009047 -0.022808  8.29e-02 -0.008040 -2.18e-02  0.103772 1.079[] 
 []


Overfull \hbox (36.56721pt too wide) in paragraph at lines 722--722
[]\T1/lmtt/m/n/12 ## 88  -0.006190  0.008571 -0.001700  8.79e-03 -0.010627 -8.03e-03  0.030202 1.078[] 
 []


Overfull \hbox (36.5532pt too wide) in paragraph at lines 722--722
[]\T1/lmtt/m/n/12 ## 89  -0.011000  0.006249 -0.012024 -2.30e-02 -0.006780  2.29e-02 -0.035760 1.122[] 
 []


Overfull \hbox (36.5462pt too wide) in paragraph at lines 722--722
[]\T1/lmtt/m/n/12 ## 90   0.020258 -0.021429  0.007697  3.48e-02 -0.013044  1.02e-02  0.059259 1.089[] 
 []


Overfull \hbox (36.56021pt too wide) in paragraph at lines 722--722
[]\T1/lmtt/m/n/12 ## 91  -0.001317 -0.019541 -0.000741 -2.70e-02 -0.038467  6.19e-02 -0.074524 1.142[] 
 []


Overfull \hbox (36.5462pt too wide) in paragraph at lines 722--722
[]\T1/lmtt/m/n/12 ## 92  -0.342180  0.033477  0.170196 -5.82e-01 -0.145039  2.59e-01 -0.776410 0.982[] 
 []


Overfull \hbox (36.5322pt too wide) in paragraph at lines 722--722
[]\T1/lmtt/m/n/12 ## 93  -0.396022  0.201905  0.139874 -2.95e-01  0.018618 -1.16e-01 -0.605135 0.825[] 
 []


Overfull \hbox (36.5462pt too wide) in paragraph at lines 722--722
[]\T1/lmtt/m/n/12 ## 94  -0.086032  0.013961  0.078864 -1.12e-02 -0.022405 -3.13e-02 -0.172054 1.066[] 
 []


Overfull \hbox (36.5532pt too wide) in paragraph at lines 722--722
[]\T1/lmtt/m/n/12 ## 95  -0.084618  0.025508  0.023474  1.32e-01 -0.021645 -7.56e-03 -0.267881 0.985[] 
 []


Overfull \hbox (36.5532pt too wide) in paragraph at lines 722--722
[]\T1/lmtt/m/n/12 ## 96  -0.050721  0.039164 -0.001385  1.53e-01 -0.013264 -5.24e-02 -0.203312 1.086[] 
 []


Overfull \hbox (36.5462pt too wide) in paragraph at lines 722--722
[]\T1/lmtt/m/n/12 ## 97  -0.049015  0.000753  0.053381  2.65e-04 -0.008551 -1.66e-02 -0.126933 1.050[] 
 []


Overfull \hbox (36.5462pt too wide) in paragraph at lines 722--722
[]\T1/lmtt/m/n/12 ## 98  -0.002882 -0.028471  0.071999 -1.24e-02  0.017486 -3.54e-02  0.087095 1.146[] 
 []


Overfull \hbox (36.5392pt too wide) in paragraph at lines 722--722
[]\T1/lmtt/m/n/12 ## 99  -0.000438 -0.006485  0.015672  7.69e-03  0.005817 -9.51e-03  0.026547 1.128[] 
 []


Overfull \hbox (36.56721pt too wide) in paragraph at lines 722--722
[]\T1/lmtt/m/n/12 ## 100  0.004924 -0.011130  0.015630 -1.58e-03  0.008346 -4.14e-03  0.025468 1.088[] 
 []

[11] [12] [13]
Overfull \hbox (30.42023pt too wide) in paragraph at lines 826--826
[]\T1/lmtt/m/n/12 ##     dfb.1_ dfb.GRE. dfb.TOEF dfb.SOP dfb.LOR dfb.CGPA dffit cov.r cook.d   hat[] 
 []


Overfull \hbox (30.42023pt too wide) in paragraph at lines 826--826
[]\T1/lmtt/m/n/12 ## 1    FALSE    FALSE    FALSE   FALSE   FALSE    FALSE FALSE FALSE  FALSE FALSE[] 
 []


Overfull \hbox (30.42023pt too wide) in paragraph at lines 826--826
[]\T1/lmtt/m/n/12 ## 2    FALSE    FALSE    FALSE   FALSE   FALSE    FALSE FALSE FALSE  FALSE FALSE[] 
 []


Overfull \hbox (30.42023pt too wide) in paragraph at lines 826--826
[]\T1/lmtt/m/n/12 ## 3    FALSE    FALSE    FALSE   FALSE   FALSE    FALSE FALSE FALSE  FALSE FALSE[] 
 []


Overfull \hbox (30.42023pt too wide) in paragraph at lines 826--826
[]\T1/lmtt/m/n/12 ## 4    FALSE    FALSE    FALSE   FALSE   FALSE    FALSE FALSE FALSE  FALSE FALSE[] 
 []


Overfull \hbox (30.42023pt too wide) in paragraph at lines 826--826
[]\T1/lmtt/m/n/12 ## 5    FALSE    FALSE    FALSE   FALSE   FALSE    FALSE FALSE FALSE  FALSE FALSE[] 
 []


Overfull \hbox (30.41322pt too wide) in paragraph at lines 826--826
[]\T1/lmtt/m/n/12 ## 6    FALSE    FALSE    FALSE   FALSE   FALSE    FALSE FALSE FALSE  FALSE FALSE[] 
 []


Overfull \hbox (30.42023pt too wide) in paragraph at lines 826--826
[]\T1/lmtt/m/n/12 ## 7    FALSE    FALSE    FALSE   FALSE   FALSE    FALSE FALSE FALSE  FALSE FALSE[] 
 []


Overfull \hbox (30.42023pt too wide) in paragraph at lines 826--826
[]\T1/lmtt/m/n/12 ## 8    FALSE    FALSE    FALSE   FALSE   FALSE    FALSE FALSE FALSE  FALSE FALSE[] 
 []


Overfull \hbox (30.41322pt too wide) in paragraph at lines 826--826
[]\T1/lmtt/m/n/12 ## 9    FALSE    FALSE    FALSE   FALSE   FALSE    FALSE FALSE FALSE  FALSE FALSE[] 
 []


Overfull \hbox (30.42023pt too wide) in paragraph at lines 826--826
[]\T1/lmtt/m/n/12 ## 10   FALSE    FALSE    FALSE   FALSE   FALSE    FALSE FALSE  TRUE  FALSE FALSE[] 
 []


Overfull \hbox (30.42023pt too wide) in paragraph at lines 826--826
[]\T1/lmtt/m/n/12 ## 11   FALSE    FALSE    FALSE   FALSE   FALSE    FALSE FALSE  TRUE  FALSE FALSE[] 
 []


Overfull \hbox (30.42023pt too wide) in paragraph at lines 826--826
[]\T1/lmtt/m/n/12 ## 12   FALSE    FALSE    FALSE   FALSE   FALSE    FALSE FALSE FALSE  FALSE FALSE[] 
 []


Overfull \hbox (30.42023pt too wide) in paragraph at lines 826--826
[]\T1/lmtt/m/n/12 ## 13   FALSE    FALSE    FALSE   FALSE   FALSE    FALSE FALSE FALSE  FALSE FALSE[] 
 []


Overfull \hbox (30.42023pt too wide) in paragraph at lines 826--826
[]\T1/lmtt/m/n/12 ## 14   FALSE    FALSE    FALSE   FALSE   FALSE    FALSE FALSE FALSE  FALSE FALSE[] 
 []


Overfull \hbox (30.42023pt too wide) in paragraph at lines 826--826
[]\T1/lmtt/m/n/12 ## 15   FALSE    FALSE    FALSE   FALSE   FALSE    FALSE FALSE FALSE  FALSE FALSE[] 
 []


Overfull \hbox (30.41322pt too wide) in paragraph at lines 826--826
[]\T1/lmtt/m/n/12 ## 16   FALSE    FALSE    FALSE   FALSE   FALSE    FALSE FALSE FALSE  FALSE FALSE[] 
 []


Overfull \hbox (30.42023pt too wide) in paragraph at lines 826--826
[]\T1/lmtt/m/n/12 ## 17   FALSE    FALSE    FALSE   FALSE   FALSE    FALSE FALSE FALSE  FALSE FALSE[] 
 []


Overfull \hbox (30.42023pt too wide) in paragraph at lines 826--826
[]\T1/lmtt/m/n/12 ## 18   FALSE    FALSE    FALSE   FALSE   FALSE    FALSE FALSE FALSE  FALSE FALSE[] 
 []


Overfull \hbox (30.41322pt too wide) in paragraph at lines 826--826
[]\T1/lmtt/m/n/12 ## 19   FALSE    FALSE    FALSE   FALSE   FALSE    FALSE FALSE FALSE  FALSE FALSE[] 
 []


Overfull \hbox (30.42023pt too wide) in paragraph at lines 826--826
[]\T1/lmtt/m/n/12 ## 20   FALSE    FALSE    FALSE   FALSE   FALSE    FALSE FALSE FALSE  FALSE FALSE[] 
 []


Overfull \hbox (30.42023pt too wide) in paragraph at lines 826--826
[]\T1/lmtt/m/n/12 ## 21   FALSE    FALSE    FALSE   FALSE   FALSE    FALSE FALSE FALSE  FALSE FALSE[] 
 []


Overfull \hbox (30.42023pt too wide) in paragraph at lines 826--826
[]\T1/lmtt/m/n/12 ## 22   FALSE    FALSE    FALSE   FALSE   FALSE    FALSE FALSE FALSE  FALSE FALSE[] 
 []


Overfull \hbox (30.42023pt too wide) in paragraph at lines 826--826
[]\T1/lmtt/m/n/12 ## 23   FALSE    FALSE    FALSE   FALSE   FALSE    FALSE FALSE FALSE  FALSE FALSE[] 
 []


Overfull \hbox (30.42023pt too wide) in paragraph at lines 826--826
[]\T1/lmtt/m/n/12 ## 24   FALSE    FALSE    FALSE   FALSE   FALSE    FALSE FALSE FALSE  FALSE FALSE[] 
 []


Overfull \hbox (30.42023pt too wide) in paragraph at lines 826--826
[]\T1/lmtt/m/n/12 ## 25   FALSE    FALSE    FALSE   FALSE   FALSE    FALSE FALSE FALSE  FALSE FALSE[] 
 []


Overfull \hbox (30.41322pt too wide) in paragraph at lines 826--826
[]\T1/lmtt/m/n/12 ## 26   FALSE    FALSE    FALSE   FALSE   FALSE    FALSE FALSE FALSE  FALSE FALSE[] 
 []


Overfull \hbox (30.42023pt too wide) in paragraph at lines 826--826
[]\T1/lmtt/m/n/12 ## 27   FALSE    FALSE    FALSE   FALSE   FALSE    FALSE FALSE FALSE  FALSE FALSE[] 
 []


Overfull \hbox (30.42023pt too wide) in paragraph at lines 826--826
[]\T1/lmtt/m/n/12 ## 28   FALSE    FALSE    FALSE   FALSE   FALSE    FALSE FALSE FALSE  FALSE FALSE[] 
 []


Overfull \hbox (30.41322pt too wide) in paragraph at lines 826--826
[]\T1/lmtt/m/n/12 ## 29   FALSE    FALSE    FALSE   FALSE   FALSE    FALSE FALSE FALSE  FALSE FALSE[] 
 []


Overfull \hbox (30.42023pt too wide) in paragraph at lines 826--826
[]\T1/lmtt/m/n/12 ## 30   FALSE    FALSE    FALSE   FALSE   FALSE    FALSE FALSE FALSE  FALSE FALSE[] 
 []


Overfull \hbox (30.42023pt too wide) in paragraph at lines 826--826
[]\T1/lmtt/m/n/12 ## 31   FALSE    FALSE    FALSE   FALSE   FALSE    FALSE FALSE FALSE  FALSE FALSE[] 
 []


Overfull \hbox (30.42023pt too wide) in paragraph at lines 826--826
[]\T1/lmtt/m/n/12 ## 32   FALSE    FALSE    FALSE   FALSE   FALSE    FALSE FALSE  TRUE  FALSE FALSE[] 
 []

[14]
Overfull \hbox (30.42023pt too wide) in paragraph at lines 826--826
[]\T1/lmtt/m/n/12 ## 33   FALSE    FALSE    FALSE   FALSE   FALSE    FALSE FALSE FALSE  FALSE FALSE[] 
 []


Overfull \hbox (30.42023pt too wide) in paragraph at lines 826--826
[]\T1/lmtt/m/n/12 ## 34   FALSE    FALSE    FALSE   FALSE   FALSE    FALSE FALSE FALSE  FALSE FALSE[] 
 []


Overfull \hbox (30.42023pt too wide) in paragraph at lines 826--826
[]\T1/lmtt/m/n/12 ## 35   FALSE    FALSE    FALSE   FALSE   FALSE    FALSE FALSE FALSE  FALSE FALSE[] 
 []


Overfull \hbox (30.41322pt too wide) in paragraph at lines 826--826
[]\T1/lmtt/m/n/12 ## 36   FALSE    FALSE    FALSE   FALSE   FALSE    FALSE FALSE FALSE  FALSE FALSE[] 
 []


Overfull \hbox (30.42023pt too wide) in paragraph at lines 826--826
[]\T1/lmtt/m/n/12 ## 37   FALSE    FALSE    FALSE   FALSE   FALSE    FALSE FALSE  TRUE  FALSE FALSE[] 
 []


Overfull \hbox (30.42023pt too wide) in paragraph at lines 826--826
[]\T1/lmtt/m/n/12 ## 38   FALSE    FALSE    FALSE   FALSE   FALSE    FALSE FALSE FALSE  FALSE FALSE[] 
 []


Overfull \hbox (30.41322pt too wide) in paragraph at lines 826--826
[]\T1/lmtt/m/n/12 ## 39   FALSE    FALSE    FALSE   FALSE   FALSE    FALSE FALSE FALSE  FALSE FALSE[] 
 []


Overfull \hbox (30.42023pt too wide) in paragraph at lines 826--826
[]\T1/lmtt/m/n/12 ## 40   FALSE    FALSE    FALSE   FALSE   FALSE    FALSE FALSE FALSE  FALSE FALSE[] 
 []


Overfull \hbox (30.42023pt too wide) in paragraph at lines 826--826
[]\T1/lmtt/m/n/12 ## 41   FALSE    FALSE    FALSE   FALSE   FALSE    FALSE FALSE FALSE  FALSE FALSE[] 
 []


Overfull \hbox (30.42023pt too wide) in paragraph at lines 826--826
[]\T1/lmtt/m/n/12 ## 42   FALSE    FALSE    FALSE   FALSE   FALSE    FALSE FALSE FALSE  FALSE FALSE[] 
 []


Overfull \hbox (30.42023pt too wide) in paragraph at lines 826--826
[]\T1/lmtt/m/n/12 ## 43   FALSE    FALSE    FALSE   FALSE   FALSE    FALSE FALSE FALSE  FALSE FALSE[] 
 []


Overfull \hbox (30.42023pt too wide) in paragraph at lines 826--826
[]\T1/lmtt/m/n/12 ## 44   FALSE    FALSE    FALSE   FALSE   FALSE    FALSE FALSE FALSE  FALSE FALSE[] 
 []


Overfull \hbox (30.42023pt too wide) in paragraph at lines 826--826
[]\T1/lmtt/m/n/12 ## 45   FALSE    FALSE    FALSE   FALSE   FALSE    FALSE FALSE FALSE  FALSE FALSE[] 
 []


Overfull \hbox (30.41322pt too wide) in paragraph at lines 826--826
[]\T1/lmtt/m/n/12 ## 46   FALSE    FALSE    FALSE   FALSE   FALSE    FALSE FALSE FALSE  FALSE FALSE[] 
 []


Overfull \hbox (30.42023pt too wide) in paragraph at lines 826--826
[]\T1/lmtt/m/n/12 ## 47   FALSE    FALSE    FALSE   FALSE   FALSE    FALSE FALSE FALSE  FALSE FALSE[] 
 []


Overfull \hbox (30.42023pt too wide) in paragraph at lines 826--826
[]\T1/lmtt/m/n/12 ## 48   FALSE    FALSE    FALSE   FALSE   FALSE    FALSE FALSE FALSE  FALSE FALSE[] 
 []


Overfull \hbox (30.41322pt too wide) in paragraph at lines 826--826
[]\T1/lmtt/m/n/12 ## 49   FALSE    FALSE    FALSE   FALSE   FALSE    FALSE FALSE FALSE  FALSE FALSE[] 
 []


Overfull \hbox (30.42023pt too wide) in paragraph at lines 826--826
[]\T1/lmtt/m/n/12 ## 50   FALSE    FALSE    FALSE   FALSE   FALSE    FALSE FALSE FALSE  FALSE FALSE[] 
 []


Overfull \hbox (30.42023pt too wide) in paragraph at lines 826--826
[]\T1/lmtt/m/n/12 ## 51   FALSE    FALSE    FALSE   FALSE   FALSE    FALSE FALSE FALSE  FALSE FALSE[] 
 []


Overfull \hbox (30.42023pt too wide) in paragraph at lines 826--826
[]\T1/lmtt/m/n/12 ## 52   FALSE    FALSE    FALSE   FALSE   FALSE    FALSE FALSE FALSE  FALSE FALSE[] 
 []


Overfull \hbox (30.42023pt too wide) in paragraph at lines 826--826
[]\T1/lmtt/m/n/12 ## 53   FALSE    FALSE    FALSE   FALSE   FALSE    FALSE FALSE  TRUE  FALSE FALSE[] 
 []


Overfull \hbox (30.42023pt too wide) in paragraph at lines 826--826
[]\T1/lmtt/m/n/12 ## 54   FALSE    FALSE    FALSE   FALSE   FALSE    FALSE FALSE FALSE  FALSE FALSE[] 
 []


Overfull \hbox (30.42023pt too wide) in paragraph at lines 826--826
[]\T1/lmtt/m/n/12 ## 55   FALSE    FALSE    FALSE   FALSE   FALSE    FALSE FALSE FALSE  FALSE FALSE[] 
 []


Overfull \hbox (30.41322pt too wide) in paragraph at lines 826--826
[]\T1/lmtt/m/n/12 ## 56   FALSE    FALSE    FALSE   FALSE   FALSE    FALSE FALSE FALSE  FALSE FALSE[] 
 []


Overfull \hbox (30.42023pt too wide) in paragraph at lines 826--826
[]\T1/lmtt/m/n/12 ## 57   FALSE    FALSE    FALSE   FALSE   FALSE    FALSE FALSE FALSE  FALSE FALSE[] 
 []


Overfull \hbox (30.42023pt too wide) in paragraph at lines 826--826
[]\T1/lmtt/m/n/12 ## 58   FALSE    FALSE    FALSE   FALSE   FALSE    FALSE FALSE FALSE  FALSE FALSE[] 
 []


Overfull \hbox (30.41322pt too wide) in paragraph at lines 826--826
[]\T1/lmtt/m/n/12 ## 59   FALSE    FALSE    FALSE   FALSE   FALSE    FALSE FALSE FALSE  FALSE FALSE[] 
 []


Overfull \hbox (30.41322pt too wide) in paragraph at lines 826--826
[]\T1/lmtt/m/n/12 ## 60   FALSE    FALSE    FALSE   FALSE   FALSE    FALSE FALSE FALSE  FALSE FALSE[] 
 []


Overfull \hbox (30.41322pt too wide) in paragraph at lines 826--826
[]\T1/lmtt/m/n/12 ## 61   FALSE    FALSE    FALSE   FALSE   FALSE    FALSE FALSE FALSE  FALSE FALSE[] 
 []


Overfull \hbox (30.41322pt too wide) in paragraph at lines 826--826
[]\T1/lmtt/m/n/12 ## 62   FALSE    FALSE    FALSE   FALSE   FALSE    FALSE FALSE FALSE  FALSE FALSE[] 
 []


Overfull \hbox (30.41322pt too wide) in paragraph at lines 826--826
[]\T1/lmtt/m/n/12 ## 63   FALSE    FALSE    FALSE   FALSE   FALSE    FALSE FALSE FALSE  FALSE FALSE[] 
 []


Overfull \hbox (30.41322pt too wide) in paragraph at lines 826--826
[]\T1/lmtt/m/n/12 ## 64   FALSE    FALSE    FALSE   FALSE   FALSE    FALSE FALSE FALSE  FALSE FALSE[] 
 []


Overfull \hbox (30.41322pt too wide) in paragraph at lines 826--826
[]\T1/lmtt/m/n/12 ## 65   FALSE    FALSE    FALSE   FALSE   FALSE    FALSE FALSE  TRUE  FALSE FALSE[] 
 []


Overfull \hbox (30.40622pt too wide) in paragraph at lines 826--826
[]\T1/lmtt/m/n/12 ## 66   FALSE    FALSE    FALSE   FALSE   FALSE    FALSE FALSE  TRUE  FALSE FALSE[] 
 []


Overfull \hbox (30.41322pt too wide) in paragraph at lines 826--826
[]\T1/lmtt/m/n/12 ## 67   FALSE    FALSE    FALSE   FALSE   FALSE    FALSE FALSE FALSE  FALSE FALSE[] 
 []


Overfull \hbox (30.41322pt too wide) in paragraph at lines 826--826
[]\T1/lmtt/m/n/12 ## 68   FALSE    FALSE    FALSE   FALSE   FALSE    FALSE FALSE FALSE  FALSE FALSE[] 
 []


Overfull \hbox (30.40622pt too wide) in paragraph at lines 826--826
[]\T1/lmtt/m/n/12 ## 69   FALSE    FALSE    FALSE   FALSE   FALSE    FALSE FALSE FALSE  FALSE FALSE[] 
 []


Overfull \hbox (30.42023pt too wide) in paragraph at lines 826--826
[]\T1/lmtt/m/n/12 ## 70   FALSE    FALSE    FALSE   FALSE   FALSE    FALSE FALSE FALSE  FALSE FALSE[] 
 []


Overfull \hbox (30.42023pt too wide) in paragraph at lines 826--826
[]\T1/lmtt/m/n/12 ## 71   FALSE    FALSE    FALSE   FALSE   FALSE    FALSE FALSE FALSE  FALSE FALSE[] 
 []


Overfull \hbox (30.42023pt too wide) in paragraph at lines 826--826
[]\T1/lmtt/m/n/12 ## 72   FALSE    FALSE    FALSE   FALSE   FALSE    FALSE FALSE FALSE  FALSE FALSE[] 
 []


Overfull \hbox (30.42023pt too wide) in paragraph at lines 826--826
[]\T1/lmtt/m/n/12 ## 73   FALSE    FALSE    FALSE   FALSE   FALSE    FALSE FALSE FALSE  FALSE FALSE[] 
 []


Overfull \hbox (30.42023pt too wide) in paragraph at lines 826--826
[]\T1/lmtt/m/n/12 ## 74   FALSE    FALSE    FALSE   FALSE   FALSE    FALSE FALSE FALSE  FALSE FALSE[] 
 []


Overfull \hbox (30.42023pt too wide) in paragraph at lines 826--826
[]\T1/lmtt/m/n/12 ## 75   FALSE    FALSE    FALSE   FALSE   FALSE    FALSE FALSE FALSE  FALSE FALSE[] 
 []


Overfull \hbox (30.41322pt too wide) in paragraph at lines 826--826
[]\T1/lmtt/m/n/12 ## 76   FALSE    FALSE    FALSE   FALSE   FALSE    FALSE FALSE FALSE  FALSE FALSE[] 
 []


Overfull \hbox (30.42023pt too wide) in paragraph at lines 826--826
[]\T1/lmtt/m/n/12 ## 77   FALSE    FALSE    FALSE   FALSE   FALSE    FALSE FALSE FALSE  FALSE FALSE[] 
 []

[15]
Overfull \hbox (30.42023pt too wide) in paragraph at lines 826--826
[]\T1/lmtt/m/n/12 ## 78   FALSE    FALSE    FALSE   FALSE   FALSE    FALSE FALSE FALSE  FALSE FALSE[] 
 []


Overfull \hbox (30.41322pt too wide) in paragraph at lines 826--826
[]\T1/lmtt/m/n/12 ## 79   FALSE    FALSE    FALSE   FALSE   FALSE    FALSE FALSE FALSE  FALSE FALSE[] 
 []


Overfull \hbox (30.42023pt too wide) in paragraph at lines 826--826
[]\T1/lmtt/m/n/12 ## 80   FALSE    FALSE    FALSE   FALSE   FALSE    FALSE FALSE FALSE  FALSE FALSE[] 
 []


Overfull \hbox (30.42023pt too wide) in paragraph at lines 826--826
[]\T1/lmtt/m/n/12 ## 81   FALSE    FALSE    FALSE   FALSE   FALSE    FALSE FALSE FALSE  FALSE FALSE[] 
 []


Overfull \hbox (30.42023pt too wide) in paragraph at lines 826--826
[]\T1/lmtt/m/n/12 ## 82   FALSE    FALSE    FALSE   FALSE   FALSE    FALSE FALSE FALSE  FALSE FALSE[] 
 []


Overfull \hbox (30.42023pt too wide) in paragraph at lines 826--826
[]\T1/lmtt/m/n/12 ## 83   FALSE    FALSE    FALSE   FALSE   FALSE    FALSE FALSE FALSE  FALSE FALSE[] 
 []


Overfull \hbox (30.42023pt too wide) in paragraph at lines 826--826
[]\T1/lmtt/m/n/12 ## 84   FALSE    FALSE    FALSE   FALSE   FALSE    FALSE FALSE FALSE  FALSE FALSE[] 
 []


Overfull \hbox (30.42023pt too wide) in paragraph at lines 826--826
[]\T1/lmtt/m/n/12 ## 85   FALSE    FALSE    FALSE   FALSE   FALSE    FALSE FALSE FALSE  FALSE FALSE[] 
 []


Overfull \hbox (30.41322pt too wide) in paragraph at lines 826--826
[]\T1/lmtt/m/n/12 ## 86   FALSE    FALSE    FALSE   FALSE   FALSE    FALSE FALSE FALSE  FALSE FALSE[] 
 []


Overfull \hbox (30.42023pt too wide) in paragraph at lines 826--826
[]\T1/lmtt/m/n/12 ## 87   FALSE    FALSE    FALSE   FALSE   FALSE    FALSE FALSE FALSE  FALSE FALSE[] 
 []


Overfull \hbox (30.42023pt too wide) in paragraph at lines 826--826
[]\T1/lmtt/m/n/12 ## 88   FALSE    FALSE    FALSE   FALSE   FALSE    FALSE FALSE FALSE  FALSE FALSE[] 
 []


Overfull \hbox (30.41322pt too wide) in paragraph at lines 826--826
[]\T1/lmtt/m/n/12 ## 89   FALSE    FALSE    FALSE   FALSE   FALSE    FALSE FALSE FALSE  FALSE FALSE[] 
 []


Overfull \hbox (30.41322pt too wide) in paragraph at lines 826--826
[]\T1/lmtt/m/n/12 ## 90   FALSE    FALSE    FALSE   FALSE   FALSE    FALSE FALSE FALSE  FALSE FALSE[] 
 []


Overfull \hbox (30.41322pt too wide) in paragraph at lines 826--826
[]\T1/lmtt/m/n/12 ## 91   FALSE    FALSE    FALSE   FALSE   FALSE    FALSE FALSE FALSE  FALSE FALSE[] 
 []


Overfull \hbox (30.41322pt too wide) in paragraph at lines 826--826
[]\T1/lmtt/m/n/12 ## 92   FALSE    FALSE    FALSE   FALSE   FALSE    FALSE  TRUE FALSE  FALSE FALSE[] 
 []


Overfull \hbox (30.41322pt too wide) in paragraph at lines 826--826
[]\T1/lmtt/m/n/12 ## 93   FALSE    FALSE    FALSE   FALSE   FALSE    FALSE FALSE FALSE  FALSE FALSE[] 
 []


Overfull \hbox (30.41322pt too wide) in paragraph at lines 826--826
[]\T1/lmtt/m/n/12 ## 94   FALSE    FALSE    FALSE   FALSE   FALSE    FALSE FALSE FALSE  FALSE FALSE[] 
 []


Overfull \hbox (30.41322pt too wide) in paragraph at lines 826--826
[]\T1/lmtt/m/n/12 ## 95   FALSE    FALSE    FALSE   FALSE   FALSE    FALSE FALSE FALSE  FALSE FALSE[] 
 []


Overfull \hbox (30.40622pt too wide) in paragraph at lines 826--826
[]\T1/lmtt/m/n/12 ## 96   FALSE    FALSE    FALSE   FALSE   FALSE    FALSE FALSE FALSE  FALSE FALSE[] 
 []


Overfull \hbox (30.41322pt too wide) in paragraph at lines 826--826
[]\T1/lmtt/m/n/12 ## 97   FALSE    FALSE    FALSE   FALSE   FALSE    FALSE FALSE FALSE  FALSE FALSE[] 
 []


Overfull \hbox (30.41322pt too wide) in paragraph at lines 826--826
[]\T1/lmtt/m/n/12 ## 98   FALSE    FALSE    FALSE   FALSE   FALSE    FALSE FALSE FALSE  FALSE FALSE[] 
 []


Overfull \hbox (30.40622pt too wide) in paragraph at lines 826--826
[]\T1/lmtt/m/n/12 ## 99   FALSE    FALSE    FALSE   FALSE   FALSE    FALSE FALSE FALSE  FALSE FALSE[] 
 []


Overfull \hbox (30.42023pt too wide) in paragraph at lines 826--826
[]\T1/lmtt/m/n/12 ## 100  FALSE    FALSE    FALSE   FALSE   FALSE    FALSE FALSE FALSE  FALSE FALSE[] 
 []


Overfull \hbox (36.59523pt too wide) in paragraph at lines 852--852
[]\T1/lmtt/m/n/12 ##                                            Df  Sum Sq Mean Sq F value    Pr(>F)[] 
 []


Overfull \hbox (36.58122pt too wide) in paragraph at lines 852--852
[]\T1/lmtt/m/n/12 ## FO(GRE.Score, TOEFL.Score, SOP, LOR, CGPA)  5 2.35558 0.47112  90.573 < 2.2e-16[] 
 []

[16]
Overfull \hbox (5.72021pt too wide) in paragraph at lines 877--877
[]\T1/lmtt/m/n/12 ## lm(formula = Chance.of.Admit ~ ., data = AdmissionPredict_sin_influencias)[] 
 []

<MRLM_files/figure-latex/unnamed-chunk-14-1.pdf, id=302, 469.755pt x 325.215pt>
File: MRLM_files/figure-latex/unnamed-chunk-14-1.pdf Graphic file (type pdf)
<use MRLM_files/figure-latex/unnamed-chunk-14-1.pdf>
Package pdftex.def Info: MRLM_files/figure-latex/unnamed-chunk-14-1.pdf  used on input line 879.
(pdftex.def)             Requested size: 469.75386pt x 325.2142pt.
<MRLM_files/figure-latex/unnamed-chunk-14-2.pdf, id=303, 469.755pt x 325.215pt>
File: MRLM_files/figure-latex/unnamed-chunk-14-2.pdf Graphic file (type pdf)
<use MRLM_files/figure-latex/unnamed-chunk-14-2.pdf>
Package pdftex.def Info: MRLM_files/figure-latex/unnamed-chunk-14-2.pdf  used on input line 880.
(pdftex.def)             Requested size: 469.75386pt x 325.2142pt.

Overfull \hbox (35.56477pt too wide) in paragraph at lines 879--881
[][]
 []

[17] [18 <./MRLM_files/figure-latex/unnamed-chunk-14-1.pdf>] [19 <./MRLM_files/figure-latex/unnamed-chunk-14-2.pdf>]

Package hyperref Warning: Token not allowed in a PDF string (Unicode):
(hyperref)                removing `math shift' on input line 942.


Package hyperref Warning: Token not allowed in a PDF string (Unicode):
(hyperref)                removing `superscript' on input line 942.


Package hyperref Warning: Token not allowed in a PDF string (Unicode):
(hyperref)                removing `subscript' on input line 942.


Package hyperref Warning: Token not allowed in a PDF string (Unicode):
(hyperref)                removing `math shift' on input line 942.


Package hyperref Warning: Token not allowed in a PDF string (Unicode):
(hyperref)                removing `math shift' on input line 943.


Package hyperref Warning: Token not allowed in a PDF string (Unicode):
(hyperref)                removing `subscript' on input line 943.


Package hyperref Warning: Token not allowed in a PDF string (Unicode):
(hyperref)                removing `math shift' on input line 943.

[20] [21] (./MRLM.aux
LaTeX Info: Redefining \. on input line 25.
LaTeX Info: Redefining \% on input line 25.
)
Package rerunfilecheck Info: File `MRLM.out' has not changed.
(rerunfilecheck)             Checksum: B1834D8FB47A29C58B1914C2BA0BCB88;8466.
 ) 
Here is how much of TeX's memory you used:
 14101 strings out of 480313
 224949 string characters out of 5895781
 546444 words of memory out of 5000000
 31633 multiletter control sequences out of 15000+600000
 455478 words of font info for 70 fonts, out of 8000000 for 9000
 14 hyphenation exceptions out of 8191
 60i,16n,63p,825b,635s stack positions out of 5000i,500n,10000p,200000b,80000s
{c:/Users/pabli/AppData/Roaming/TinyTeX/texmf-dist/fonts/enc/dvips/lm/lm-mathit.enc}{c:/Users/pabli/AppData/Roaming/TinyTeX/texmf-dist/fonts/enc/dvips/lm/lm-rm.enc}{c:/Users/pabli/AppData/Roaming/TinyTeX/texmf-dist/fonts/enc/dvips/lm/lm-mathex.enc}{c:/Users/pabli/AppData/Roaming/TinyTeX/texmf-dist/fonts/enc/dvips/lm/lm-ec.enc}{c:/Users/pabli/AppData/Roaming/TinyTeX/texmf-dist/fonts/enc/dvips/lm/lm-mathsy.enc}<c:/Users/pabli/AppData/Roaming/TinyTeX/texmf-dist/fonts/type1/public/lm/lmbx12.pfb><c:/Users/pabli/AppData/Roaming/TinyTeX/texmf-dist/fonts/type1/public/lm/lmex10.pfb><c:/Users/pabli/AppData/Roaming/TinyTeX/texmf-dist/fonts/type1/public/lm/lmmi10.pfb><c:/Users/pabli/AppData/Roaming/TinyTeX/texmf-dist/fonts/type1/public/lm/lmmi12.pfb><c:/Users/pabli/AppData/Roaming/TinyTeX/texmf-dist/fonts/type1/public/lm/lmmi8.pfb><c:/Users/pabli/AppData/Roaming/TinyTeX/texmf-dist/fonts/type1/public/lm/lmr10.pfb><c:/Users/pabli/AppData/Roaming/TinyTeX/texmf-dist/fonts/type1/public/lm/lmr12.pfb><c:/Users/pabli/AppData/Roaming/TinyTeX/texmf-dist/fonts/type1/public/lm/lmr17.pfb><c:/Users/pabli/AppData/Roaming/TinyTeX/texmf-dist/fonts/type1/public/lm/lmr8.pfb><c:/Users/pabli/AppData/Roaming/TinyTeX/texmf-dist/fonts/type1/public/lm/lmsy10.pfb><c:/Users/pabli/AppData/Roaming/TinyTeX/texmf-dist/fonts/type1/public/lm/lmtt12.pfb>
Output written on MRLM.pdf (24 pages, 470612 bytes).
PDF statistics:
 407 PDF objects out of 1000 (max. 8388607)
 342 compressed objects within 4 object streams
 64 named destinations out of 1000 (max. 500000)
 295 words of extra memory for PDF output out of 10000 (max. 10000000)

